Flow report for proj1
Thu Oct 31 22:39:30 2019
Quartus II Version 9.1 Build 350 03/24/2010 Service Pack 2 SJ Web Edition


---------------------
; Table of Contents ;
---------------------
  1. Legal Notice
  2. Flow Summary
  3. Flow Settings
  4. Flow Non-Default Global Settings
  5. Flow Elapsed Time
  6. Flow OS Summary
  7. Flow Log



----------------
; Legal Notice ;
----------------
Copyright (C) 1991-2010 Altera Corporation
Your use of Altera Corporation's design tools, logic functions 
and other software and tools, and its AMPP partner logic 
functions, and any output files from any of the foregoing 
(including device programming or simulation files), and any 
associated documentation or information are expressly subject 
to the terms and conditions of the Altera Program License 
Subscription Agreement, Altera MegaCore Function License 
Agreement, or other applicable license agreement, including, 
without limitation, that your use is for the sole purpose of 
programming logic devices manufactured by Altera and sold by 
Altera or its authorized distributors.  Please refer to the 
applicable agreement for further details.



+-----------------------------------------------------------------------------------+
; Flow Summary                                                                      ;
+------------------------------------+----------------------------------------------+
; Flow Status                        ; Successful - Thu Oct 31 22:39:30 2019        ;
; Quartus II Version                 ; 9.1 Build 350 03/24/2010 SP 2 SJ Web Edition ;
; Revision Name                      ; proj1                                        ;
; Top-level Entity Name              ; proj1                                        ;
; Family                             ; Cyclone II                                   ;
; Device                             ; EP2C20F484C7                                 ;
; Timing Models                      ; Final                                        ;
; Met timing requirements            ; No                                           ;
; Total logic elements               ; 2,165 / 18,752 ( 12 % )                      ;
;     Total combinational functions  ; 2,141 / 18,752 ( 11 % )                      ;
;     Dedicated logic registers      ; 2,121 / 18,752 ( 11 % )                      ;
; Total registers                    ; 2121                                         ;
; Total pins                         ; 14 / 315 ( 4 % )                             ;
; Total virtual pins                 ; 0                                            ;
; Total memory bits                  ; 32,776 / 239,616 ( 14 % )                    ;
; Embedded Multiplier 9-bit elements ; 0 / 52 ( 0 % )                               ;
; Total PLLs                         ; 1 / 4 ( 25 % )                               ;
+------------------------------------+----------------------------------------------+


+-----------------------------------------+
; Flow Settings                           ;
+-------------------+---------------------+
; Option            ; Setting             ;
+-------------------+---------------------+
; Start date & time ; 10/31/2019 22:39:10 ;
; Main task         ; Compilation         ;
; Revision Name     ; proj1               ;
+-------------------+---------------------+


+--------------------------------------------------------------------------------------------------------------------------------------+
; Flow Non-Default Global Settings                                                                                                     ;
+-------------------------------------+-------------------------------------------------+---------------+-------------+----------------+
; Assignment Name                     ; Value                                           ; Default Value ; Entity Name ; Section Id     ;
+-------------------------------------+-------------------------------------------------+---------------+-------------+----------------+
; COMPILER_SIGNATURE_ID               ; 35774997985382.157257235011464                  ; --            ; --          ; --             ;
; EDA_GENERATE_FUNCTIONAL_NETLIST     ; Off                                             ; --            ; --          ; eda_simulation ;
; EDA_OUTPUT_DATA_FORMAT              ; Verilog Hdl                                     ; --            ; --          ; eda_simulation ;
; EDA_SIMULATION_TOOL                 ; ModelSim-Altera (Verilog)                       ; <None>        ; --          ; --             ;
; EDA_TIME_SCALE                      ; 1 ps                                            ; --            ; --          ; eda_simulation ;
; IP_TOOL_NAME                        ; ROM: 1-PORT                                     ; --            ; --          ; --             ;
; IP_TOOL_NAME                        ; ROM: 1-PORT                                     ; --            ; --          ; --             ;
; IP_TOOL_VERSION                     ; 9.1                                             ; --            ; --          ; --             ;
; IP_TOOL_VERSION                     ; 9.1                                             ; --            ; --          ; --             ;
; MAX_CORE_JUNCTION_TEMP              ; 85                                              ; --            ; --          ; --             ;
; MIN_CORE_JUNCTION_TEMP              ; 0                                               ; --            ; --          ; --             ;
; MISC_FILE                           ; rom_1.bsf                                       ; --            ; --          ; --             ;
; MISC_FILE                           ; rom_1.cmp                                       ; --            ; --          ; --             ;
; MISC_FILE                           ; rom_state.bsf                                   ; --            ; --          ; --             ;
; MISC_FILE                           ; rom_state_bb.v                                  ; --            ; --          ; --             ;
; MISC_FILE                           ; rom_state.cmp                                   ; --            ; --          ; --             ;
; MISC_FILE                           ; C:/Users/Thiago/Desktop/Temp/projeto1/proj1.dpf ; --            ; --          ; --             ;
; PARTITION_COLOR                     ; 16764057                                        ; --            ; --          ; Top            ;
; PARTITION_FITTER_PRESERVATION_LEVEL ; PLACEMENT_AND_ROUTING                           ; --            ; --          ; Top            ;
; PARTITION_NETLIST_TYPE              ; SOURCE                                          ; --            ; --          ; Top            ;
; PROJECT_OUTPUT_DIRECTORY            ; output_files                                    ; --            ; --          ; --             ;
+-------------------------------------+-------------------------------------------------+---------------+-------------+----------------+


+-----------------------------------------------------------------------------------------------------------------------------+
; Flow Elapsed Time                                                                                                           ;
+-------------------------+--------------+-------------------------+---------------------+------------------------------------+
; Module Name             ; Elapsed Time ; Average Processors Used ; Peak Virtual Memory ; Total CPU Time (on all processors) ;
+-------------------------+--------------+-------------------------+---------------------+------------------------------------+
; Analysis & Synthesis    ; 00:00:04     ; 1.0                     ; 268 MB              ; 00:00:06                           ;
; Fitter                  ; 00:00:07     ; 1.0                     ; 287 MB              ; 00:00:10                           ;
; Assembler               ; 00:00:01     ; 1.0                     ; 250 MB              ; 00:00:01                           ;
; Classic Timing Analyzer ; 00:00:01     ; 1.0                     ; 192 MB              ; 00:00:01                           ;
; EDA Netlist Writer      ; 00:00:01     ; 1.0                     ; 205 MB              ; 00:00:01                           ;
; Total                   ; 00:00:14     ; --                      ; --                  ; 00:00:19                           ;
+-------------------------+--------------+-------------------------+---------------------+------------------------------------+


+------------------------------------------------------------------------------------------+
; Flow OS Summary                                                                          ;
+-------------------------+------------------+---------------+------------+----------------+
; Module Name             ; Machine Hostname ; OS Name       ; OS Version ; Processor type ;
+-------------------------+------------------+---------------+------------+----------------+
; Analysis & Synthesis    ; Theago           ; Windows Vista ; 6.2        ; x86_64         ;
; Fitter                  ; Theago           ; Windows Vista ; 6.2        ; x86_64         ;
; Assembler               ; Theago           ; Windows Vista ; 6.2        ; x86_64         ;
; Classic Timing Analyzer ; Theago           ; Windows Vista ; 6.2        ; x86_64         ;
; EDA Netlist Writer      ; Theago           ; Windows Vista ; 6.2        ; x86_64         ;
+-------------------------+------------------+---------------+------------+----------------+


------------
; Flow Log ;
------------
quartus_map --read_settings_files=on --write_settings_files=off proj1 -c proj1
quartus_fit --read_settings_files=off --write_settings_files=off proj1 -c proj1
quartus_asm --read_settings_files=off --write_settings_files=off proj1 -c proj1
quartus_tan --read_settings_files=off --write_settings_files=off proj1 -c proj1 --timing_analysis_only
quartus_eda --read_settings_files=off --write_settings_files=off proj1 -c proj1



